C:\USERS\ADMINISTRATOR\DESKTOP\MYTWAIN\DEBUG\MYTWAIN.EXE
C:\USERS\ADMINISTRATOR\DESKTOP\MYTWAIN\DEBUG\MYTWAIN.ILK
C:\USERS\ADMINISTRATOR\DESKTOP\MYTWAIN\DEBUG\MYTWAIN.PDB
C:\Users\Administrator\Desktop\MyTwain\MyTwain\Debug\cl.command.1.tlog
C:\Users\Administrator\Desktop\MyTwain\MyTwain\Debug\CL.read.1.tlog
C:\Users\Administrator\Desktop\MyTwain\MyTwain\Debug\CL.write.1.tlog
C:\USERS\ADMINISTRATOR\DESKTOP\MYTWAIN\MYTWAIN\DEBUG\DIB.OBJ
C:\Users\Administrator\Desktop\MyTwain\MyTwain\Debug\link.command.1.tlog
C:\Users\Administrator\Desktop\MyTwain\MyTwain\Debug\link.read.1.tlog
C:\Users\Administrator\Desktop\MyTwain\MyTwain\Debug\link.write.1.tlog
C:\Users\Administrator\Desktop\MyTwain\MyTwain\Debug\link-cvtres.read.1.tlog
C:\Users\Administrator\Desktop\MyTwain\MyTwain\Debug\link-cvtres.write.1.tlog
C:\Users\Administrator\Desktop\MyTwain\MyTwain\Debug\mt.command.1.tlog
C:\Users\Administrator\Desktop\MyTwain\MyTwain\Debug\mt.read.1.tlog
C:\Users\Administrator\Desktop\MyTwain\MyTwain\Debug\mt.write.1.tlog
C:\USERS\ADMINISTRATOR\DESKTOP\MYTWAIN\MYTWAIN\DEBUG\MYTWAIN.EXE.EMBED.MANIFEST
C:\USERS\ADMINISTRATOR\DESKTOP\MYTWAIN\MYTWAIN\DEBUG\MYTWAIN.EXE.EMBED.MANIFEST.RES
C:\USERS\ADMINISTRATOR\DESKTOP\MYTWAIN\MYTWAIN\DEBUG\MYTWAIN.EXE.INTERMEDIATE.MANIFEST
C:\USERS\ADMINISTRATOR\DESKTOP\MYTWAIN\MYTWAIN\DEBUG\MYTWAIN.OBJ
C:\USERS\ADMINISTRATOR\DESKTOP\MYTWAIN\MYTWAIN\DEBUG\MYTWAIN.PCH
C:\USERS\ADMINISTRATOR\DESKTOP\MYTWAIN\MYTWAIN\DEBUG\MYTWAIN.RES
C:\Users\Administrator\Desktop\MyTwain\MyTwain\Debug\MyTwain.write.1.tlog
C:\Users\Administrator\Desktop\MyTwain\MyTwain\Debug\MyTwain_manifest.rc
C:\USERS\ADMINISTRATOR\DESKTOP\MYTWAIN\MYTWAIN\DEBUG\MYTWAINDLG.OBJ
C:\Users\Administrator\Desktop\MyTwain\MyTwain\Debug\rc.command.1.tlog
C:\Users\Administrator\Desktop\MyTwain\MyTwain\Debug\rc.read.1.tlog
C:\Users\Administrator\Desktop\MyTwain\MyTwain\Debug\rc.write.1.tlog
C:\USERS\ADMINISTRATOR\DESKTOP\MYTWAIN\MYTWAIN\DEBUG\STDAFX.OBJ
C:\USERS\ADMINISTRATOR\DESKTOP\MYTWAIN\MYTWAIN\DEBUG\TWAINCPP.OBJ
C:\Users\Administrator\Desktop\MyTwain\MyTwain\Debug\vc100.idb
C:\USERS\ADMINISTRATOR\DESKTOP\MYTWAIN\MYTWAIN\DEBUG\VC100.PDB
